[INFO ] 2022-10-04 23:09:31.442 [main] StepDef - Setup Executed
[INFO ] 2022-10-04 23:09:31.473 [main] StepDef - Chrome browser Launched
[INFO ] 2022-10-04 23:09:32.164 [main] StepDef - URL opened
[INFO ] 2022-10-04 23:09:32.278 [main] StepDef - Email entered
[INFO ] 2022-10-04 23:09:32.373 [main] StepDef - Password Entered
[INFO ] 2022-10-04 23:09:42.233 [main] StepDef - Setup Executed
[INFO ] 2022-10-04 23:09:42.236 [main] StepDef - Chrome browser Launched
[INFO ] 2022-10-04 23:09:44.050 [main] StepDef - URL opened
[INFO ] 2022-10-04 23:09:44.161 [main] StepDef - Email entered
[INFO ] 2022-10-04 23:09:44.271 [main] StepDef - Password Entered
[INFO ] 2022-10-04 23:57:55.378 [main] StepDef - Setup Executed
[INFO ] 2022-10-04 23:57:55.415 [main] StepDef - Chrome browser Launched
[INFO ] 2022-10-04 23:57:57.813 [main] StepDef - URL opened
[INFO ] 2022-10-04 23:57:57.893 [main] StepDef - Email entered
[INFO ] 2022-10-04 23:57:57.926 [main] StepDef - Password Entered
[INFO ] 2022-10-04 23:58:05.794 [main] StepDef - Setup Executed
[INFO ] 2022-10-04 23:58:05.797 [main] StepDef - Chrome browser Launched
[INFO ] 2022-10-04 23:58:06.440 [main] StepDef - URL opened
[INFO ] 2022-10-04 23:58:06.509 [main] StepDef - Email entered
[INFO ] 2022-10-04 23:58:06.554 [main] StepDef - Password Entered
[INFO ] 2022-10-04 23:59:06.258 [main] StepDef - Setup Executed
[INFO ] 2022-10-04 23:59:06.289 [main] StepDef - Chrome browser Launched
[INFO ] 2022-10-04 23:59:06.891 [main] StepDef - URL opened
[INFO ] 2022-10-04 23:59:07.011 [main] StepDef - Email entered
[INFO ] 2022-10-04 23:59:07.100 [main] StepDef - Password Entered
[INFO ] 2022-10-04 23:59:19.131 [main] StepDef - Setup Executed
[INFO ] 2022-10-04 23:59:19.134 [main] StepDef - Chrome browser Launched
[INFO ] 2022-10-04 23:59:19.803 [main] StepDef - URL opened
[INFO ] 2022-10-04 23:59:19.925 [main] StepDef - Email entered
[INFO ] 2022-10-04 23:59:20.045 [main] StepDef - Password Entered
[INFO ] 2022-10-05 00:10:06.852 [main] StepDef - Setup Executed
[INFO ] 2022-10-05 00:10:06.887 [main] StepDef - Chrome browser Launched
[INFO ] 2022-10-05 00:10:09.451 [main] StepDef - URL opened
[INFO ] 2022-10-05 00:10:09.571 [main] StepDef - Email entered
[INFO ] 2022-10-05 00:10:09.705 [main] StepDef - Password Entered
[INFO ] 2022-10-05 00:10:20.289 [main] StepDef - Setup Executed
[INFO ] 2022-10-05 00:10:20.292 [main] StepDef - Chrome browser Launched
[INFO ] 2022-10-05 00:10:20.991 [main] StepDef - URL opened
[INFO ] 2022-10-05 00:10:21.118 [main] StepDef - Email entered
[INFO ] 2022-10-05 00:10:21.225 [main] StepDef - Password Entered
[INFO ] 2022-10-05 00:11:50.722 [main] StepDef - Setup Executed
[INFO ] 2022-10-05 00:11:50.760 [main] StepDef - Chrome browser Launched
[INFO ] 2022-10-05 00:11:51.344 [main] StepDef - URL opened
[INFO ] 2022-10-05 00:11:51.472 [main] StepDef - Email entered
[INFO ] 2022-10-05 00:11:51.592 [main] StepDef - Password Entered
[INFO ] 2022-10-05 00:12:01.704 [main] StepDef - Setup Executed
[INFO ] 2022-10-05 00:12:01.706 [main] StepDef - Chrome browser Launched
[INFO ] 2022-10-05 00:12:03.019 [main] StepDef - URL opened
[INFO ] 2022-10-05 00:12:03.145 [main] StepDef - Email entered
[INFO ] 2022-10-05 00:12:03.258 [main] StepDef - Password Entered
[INFO ] 2022-10-05 00:33:30.699 [main] StepDef - Setup Executed
[INFO ] 2022-10-05 00:33:30.728 [main] StepDef - Chrome browser Launched
[INFO ] 2022-10-05 00:33:32.985 [main] StepDef - URL opened
[INFO ] 2022-10-05 00:33:33.081 [main] StepDef - Email entered
[INFO ] 2022-10-05 00:33:33.177 [main] StepDef - Password Entered
[INFO ] 2022-10-05 00:33:48.700 [main] StepDef - Setup Executed
[INFO ] 2022-10-05 00:33:48.702 [main] StepDef - Chrome browser Launched
[INFO ] 2022-10-05 00:33:49.299 [main] StepDef - URL opened
[INFO ] 2022-10-05 00:33:49.465 [main] StepDef - Email entered
[INFO ] 2022-10-05 00:33:49.567 [main] StepDef - Password Entered
[INFO ] 2022-10-05 00:40:53.711 [main] StepDef - Setup Executed
[INFO ] 2022-10-05 00:40:53.744 [main] StepDef - Chrome browser Launched
[INFO ] 2022-10-05 00:40:55.624 [main] StepDef - URL opened
[INFO ] 2022-10-05 00:40:55.734 [main] StepDef - Email entered
[INFO ] 2022-10-05 00:40:55.825 [main] StepDef - Password Entered
[INFO ] 2022-10-05 00:41:06.254 [main] StepDef - Setup Executed
[INFO ] 2022-10-05 00:41:06.256 [main] StepDef - Chrome browser Launched
[INFO ] 2022-10-05 00:41:07.906 [main] StepDef - URL opened
[INFO ] 2022-10-05 00:41:08.134 [main] StepDef - Email entered
[INFO ] 2022-10-05 00:41:08.243 [main] StepDef - Password Entered
[INFO ] 2022-10-05 00:41:42.039 [main] StepDef - Setup Executed
[INFO ] 2022-10-05 00:41:42.088 [main] StepDef - Chrome browser Launched
[INFO ] 2022-10-05 00:41:42.705 [main] StepDef - URL opened
[INFO ] 2022-10-05 00:41:42.830 [main] StepDef - Email entered
[INFO ] 2022-10-05 00:41:42.923 [main] StepDef - Password Entered
[INFO ] 2022-10-05 00:49:55.040 [main] StepDef - Setup Executed
[INFO ] 2022-10-05 00:49:55.068 [main] StepDef - Chrome browser Launched
[INFO ] 2022-10-05 00:49:56.981 [main] StepDef - URL opened
[INFO ] 2022-10-05 00:49:57.083 [main] StepDef - Email entered
[INFO ] 2022-10-05 00:49:57.172 [main] StepDef - Password Entered
[INFO ] 2022-10-05 00:50:06.037 [main] StepDef - Setup Executed
[INFO ] 2022-10-05 00:50:06.039 [main] StepDef - Chrome browser Launched
[INFO ] 2022-10-05 00:50:08.350 [main] StepDef - URL opened
[INFO ] 2022-10-05 00:50:08.454 [main] StepDef - Email entered
[INFO ] 2022-10-05 00:50:08.532 [main] StepDef - Password Entered
[INFO ] 2022-10-05 00:52:17.747 [main] StepDef - Setup Executed
[INFO ] 2022-10-05 00:52:17.786 [main] StepDef - Chrome browser Launched
[INFO ] 2022-10-05 00:52:19.413 [main] StepDef - URL opened
[INFO ] 2022-10-05 00:52:19.521 [main] StepDef - Email entered
[INFO ] 2022-10-05 00:52:19.599 [main] StepDef - Password Entered
[INFO ] 2022-10-05 00:52:28.387 [main] StepDef - Setup Executed
[INFO ] 2022-10-05 00:52:28.389 [main] StepDef - Chrome browser Launched
[INFO ] 2022-10-05 00:52:29.984 [main] StepDef - URL opened
[INFO ] 2022-10-05 00:52:30.091 [main] StepDef - Email entered
[INFO ] 2022-10-05 00:52:30.166 [main] StepDef - Password Entered
[INFO ] 2022-10-05 00:54:47.644 [main] StepDef - Setup Executed
[INFO ] 2022-10-05 00:54:47.693 [main] StepDef - Chrome browser Launched
[INFO ] 2022-10-05 00:54:49.299 [main] StepDef - URL opened
[INFO ] 2022-10-05 00:54:49.390 [main] StepDef - Email entered
[INFO ] 2022-10-05 00:54:49.466 [main] StepDef - Password Entered
[INFO ] 2022-10-05 00:56:02.472 [main] StepDef - Setup Executed
[INFO ] 2022-10-05 00:56:02.502 [main] StepDef - Chrome browser Launched
[INFO ] 2022-10-05 00:56:04.484 [main] StepDef - URL opened
[INFO ] 2022-10-05 00:56:04.575 [main] StepDef - Email entered
[INFO ] 2022-10-05 00:56:04.650 [main] StepDef - Password Entered
[INFO ] 2022-10-05 00:56:22.558 [main] StepDef - Setup Executed
[INFO ] 2022-10-05 00:56:22.561 [main] StepDef - Chrome browser Launched
[INFO ] 2022-10-05 00:56:23.085 [main] StepDef - URL opened
[INFO ] 2022-10-05 00:56:23.178 [main] StepDef - Email entered
[INFO ] 2022-10-05 00:56:23.264 [main] StepDef - Password Entered
[INFO ] 2022-10-05 01:01:01.303 [main] StepDef - Setup Executed
[INFO ] 2022-10-05 01:01:01.326 [main] StepDef - Chrome browser Launched
[INFO ] 2022-10-05 01:01:02.981 [main] StepDef - URL opened
[INFO ] 2022-10-05 01:01:03.083 [main] StepDef - Email entered
[INFO ] 2022-10-05 01:01:03.156 [main] StepDef - Password Entered
[INFO ] 2022-10-05 01:01:18.147 [main] StepDef - Setup Executed
[INFO ] 2022-10-05 01:01:18.151 [main] StepDef - Chrome browser Launched
[INFO ] 2022-10-05 01:01:18.839 [main] StepDef - URL opened
[INFO ] 2022-10-05 01:01:18.948 [main] StepDef - Email entered
[INFO ] 2022-10-05 01:01:19.024 [main] StepDef - Password Entered
[INFO ] 2022-10-05 01:06:32.673 [main] StepDef - Setup Executed
[INFO ] 2022-10-05 01:06:32.694 [main] StepDef - Chrome browser Launched
[INFO ] 2022-10-05 01:06:34.725 [main] StepDef - URL opened
[INFO ] 2022-10-05 01:06:34.820 [main] StepDef - Email entered
[INFO ] 2022-10-05 01:06:34.903 [main] StepDef - Password Entered
[INFO ] 2022-10-05 01:06:50.013 [main] StepDef - Setup Executed
[INFO ] 2022-10-05 01:06:50.017 [main] StepDef - Chrome browser Launched
[INFO ] 2022-10-05 01:06:50.497 [main] StepDef - URL opened
[INFO ] 2022-10-05 01:06:50.612 [main] StepDef - Email entered
[INFO ] 2022-10-05 01:06:50.691 [main] StepDef - Password Entered
[INFO ] 2022-10-05 01:10:36.661 [main] StepDef - Setup Executed
[INFO ] 2022-10-05 01:10:36.707 [main] StepDef - Chrome browser Launched
[INFO ] 2022-10-05 01:10:38.232 [main] StepDef - URL opened
[INFO ] 2022-10-05 01:10:38.346 [main] StepDef - Email entered
[INFO ] 2022-10-05 01:10:38.420 [main] StepDef - Password Entered
[INFO ] 2022-10-05 01:10:55.452 [main] StepDef - Setup Executed
[INFO ] 2022-10-05 01:10:55.454 [main] StepDef - Chrome browser Launched
[INFO ] 2022-10-05 01:10:56.007 [main] StepDef - URL opened
[INFO ] 2022-10-05 01:10:56.095 [main] StepDef - Email entered
[INFO ] 2022-10-05 01:10:56.173 [main] StepDef - Password Entered
[INFO ] 2022-10-05 01:12:43.008 [main] StepDef - Setup Executed
[INFO ] 2022-10-05 01:12:43.036 [main] StepDef - Chrome browser Launched
[INFO ] 2022-10-05 01:12:43.848 [main] StepDef - URL opened
[INFO ] 2022-10-05 01:12:43.938 [main] StepDef - Email entered
[INFO ] 2022-10-05 01:12:44.016 [main] StepDef - Password Entered
[INFO ] 2022-10-05 20:38:07.978 [main] StepDef - Setup Executed
[INFO ] 2022-10-05 20:38:08.022 [main] StepDef - Chrome browser Launched
[INFO ] 2022-10-05 20:38:10.221 [main] StepDef - URL opened
[INFO ] 2022-10-05 20:38:10.372 [main] StepDef - Email entered
[INFO ] 2022-10-05 20:38:10.483 [main] StepDef - Password Entered
[INFO ] 2022-10-05 20:48:18.080 [main] StepDef - Setup Executed
[INFO ] 2022-10-05 20:48:18.137 [main] StepDef - Chrome browser Launched
[INFO ] 2022-10-05 20:48:20.084 [main] StepDef - URL opened
[INFO ] 2022-10-05 20:48:20.212 [main] StepDef - Email entered
[INFO ] 2022-10-05 20:48:20.293 [main] StepDef - Password Entered
[INFO ] 2022-10-05 22:32:51.174 [main] StepDef - Setup Executed
[INFO ] 2022-10-05 22:32:51.209 [main] StepDef - Chrome browser Launched
[INFO ] 2022-10-05 22:32:53.900 [main] StepDef - URL opened
[INFO ] 2022-10-05 22:32:54.030 [main] StepDef - Email entered
[INFO ] 2022-10-05 22:32:54.209 [main] StepDef - Password Entered
[INFO ] 2022-10-05 22:33:46.017 [main] StepDef - Setup Executed
[INFO ] 2022-10-05 22:33:46.064 [main] StepDef - Chrome browser Launched
[INFO ] 2022-10-05 22:33:47.608 [main] StepDef - URL opened
[INFO ] 2022-10-05 22:33:47.728 [main] StepDef - Email entered
[INFO ] 2022-10-05 22:33:47.822 [main] StepDef - Password Entered
[INFO ] 2022-10-05 22:34:11.729 [main] StepDef - Setup Executed
[INFO ] 2022-10-05 22:34:11.772 [main] StepDef - Chrome browser Launched
[INFO ] 2022-10-05 22:34:12.469 [main] StepDef - URL opened
[INFO ] 2022-10-05 22:34:12.587 [main] StepDef - Email entered
[INFO ] 2022-10-05 22:34:12.685 [main] StepDef - Password Entered
[INFO ] 2022-10-05 23:29:33.858 [main] StepDef - Setup Executed
[INFO ] 2022-10-05 23:29:33.895 [main] StepDef - Chrome browser Launched
[INFO ] 2022-10-05 23:29:35.659 [main] StepDef - URL opened
[INFO ] 2022-10-05 23:29:35.759 [main] StepDef - Email entered
[INFO ] 2022-10-05 23:29:35.840 [main] StepDef - Password Entered
[INFO ] 2022-10-05 23:30:18.729 [main] StepDef - Setup Executed
[INFO ] 2022-10-05 23:30:18.769 [main] StepDef - Chrome browser Launched
[INFO ] 2022-10-05 23:30:20.302 [main] StepDef - URL opened
[INFO ] 2022-10-05 23:30:20.402 [main] StepDef - Email entered
[INFO ] 2022-10-05 23:30:20.489 [main] StepDef - Password Entered
[INFO ] 2022-10-05 23:31:27.483 [main] StepDef - Setup Executed
[INFO ] 2022-10-05 23:31:27.519 [main] StepDef - Chrome browser Launched
[INFO ] 2022-10-05 23:31:29.355 [main] StepDef - URL opened
[INFO ] 2022-10-05 23:31:29.441 [main] StepDef - Email entered
[INFO ] 2022-10-05 23:31:29.519 [main] StepDef - Password Entered
[INFO ] 2022-10-05 23:51:00.514 [main] StepDef - Setup Executed
[INFO ] 2022-10-05 23:51:00.549 [main] StepDef - Chrome browser Launched
[INFO ] 2022-10-05 23:51:02.390 [main] StepDef - URL opened
[INFO ] 2022-10-05 23:51:02.499 [main] StepDef - Email entered
[INFO ] 2022-10-05 23:51:02.592 [main] StepDef - Password Entered
[INFO ] 2022-10-05 23:53:15.584 [main] StepDef - Setup Executed
[INFO ] 2022-10-05 23:53:15.616 [main] StepDef - Chrome browser Launched
[INFO ] 2022-10-05 23:53:17.434 [main] StepDef - URL opened
[INFO ] 2022-10-05 23:53:17.523 [main] StepDef - Email entered
[INFO ] 2022-10-05 23:53:17.601 [main] StepDef - Password Entered
[INFO ] 2022-10-06 00:14:31.320 [main] StepDef - Setup Executed
[INFO ] 2022-10-06 00:14:31.351 [main] StepDef - Chrome browser Launched
[INFO ] 2022-10-06 00:14:33.153 [main] StepDef - URL opened
[INFO ] 2022-10-06 00:14:33.258 [main] StepDef - Email entered
[INFO ] 2022-10-06 00:14:33.345 [main] StepDef - Password Entered
[INFO ] 2022-10-06 00:14:48.125 [main] StepDef - Setup Executed
[INFO ] 2022-10-06 00:14:48.128 [main] StepDef - Chrome browser Launched
[INFO ] 2022-10-06 00:14:48.627 [main] StepDef - URL opened
[INFO ] 2022-10-06 00:14:48.756 [main] StepDef - Email entered
[INFO ] 2022-10-06 00:14:48.847 [main] StepDef - Password Entered
[INFO ] 2022-10-06 00:33:39.554 [main] StepDef - Setup Executed
[INFO ] 2022-10-06 00:33:39.589 [main] StepDef - Chrome browser Launched
[INFO ] 2022-10-06 00:33:41.354 [main] StepDef - URL opened
[INFO ] 2022-10-06 00:33:41.448 [main] StepDef - Email entered
[INFO ] 2022-10-06 00:33:41.531 [main] StepDef - Password Entered
[INFO ] 2022-10-06 00:34:11.374 [main] StepDef - Setup Executed
[INFO ] 2022-10-06 00:34:11.376 [main] StepDef - Chrome browser Launched
[INFO ] 2022-10-06 00:34:12.962 [main] StepDef - URL opened
[INFO ] 2022-10-06 00:34:13.075 [main] StepDef - Email entered
[INFO ] 2022-10-06 00:34:13.154 [main] StepDef - Password Entered
[INFO ] 2022-10-06 00:36:08.594 [main] StepDef - Setup Executed
[INFO ] 2022-10-06 00:36:08.630 [main] StepDef - Chrome browser Launched
[INFO ] 2022-10-06 00:36:10.196 [main] StepDef - URL opened
[INFO ] 2022-10-06 00:36:10.301 [main] StepDef - Email entered
[INFO ] 2022-10-06 00:36:10.380 [main] StepDef - Password Entered
[INFO ] 2022-10-06 00:36:24.782 [main] StepDef - Setup Executed
[INFO ] 2022-10-06 00:36:24.783 [main] StepDef - Chrome browser Launched
[INFO ] 2022-10-06 00:36:25.287 [main] StepDef - URL opened
[INFO ] 2022-10-06 00:36:25.404 [main] StepDef - Email entered
[INFO ] 2022-10-06 00:36:25.484 [main] StepDef - Password Entered
[INFO ] 2022-10-06 23:18:40.655 [main] StepDef - Setup Executed
[INFO ] 2022-10-06 23:18:40.744 [main] StepDef - Chrome browser Launched
[INFO ] 2022-10-06 23:18:42.764 [main] StepDef - URL opened
[INFO ] 2022-10-06 23:18:42.928 [main] StepDef - Email entered
[INFO ] 2022-10-06 23:18:43.043 [main] StepDef - Password Entered
[INFO ] 2022-10-06 23:19:46.848 [main] StepDef - Setup Executed
[INFO ] 2022-10-06 23:19:46.947 [main] StepDef - Chrome browser Launched
[INFO ] 2022-10-06 23:19:48.596 [main] StepDef - URL opened
[INFO ] 2022-10-06 23:19:48.750 [main] StepDef - Email entered
[INFO ] 2022-10-06 23:19:48.956 [main] StepDef - Password Entered
[INFO ] 2022-10-06 23:19:58.916 [main] StepDef - Setup Executed
[INFO ] 2022-10-06 23:19:58.920 [main] StepDef - Chrome browser Launched
[INFO ] 2022-10-06 23:19:59.594 [main] StepDef - URL opened
[INFO ] 2022-10-06 23:19:59.709 [main] StepDef - Email entered
[INFO ] 2022-10-06 23:19:59.813 [main] StepDef - Password Entered
[INFO ] 2022-10-06 23:25:54.771 [main] StepDef - Setup Executed
[INFO ] 2022-10-06 23:25:54.838 [main] StepDef - Chrome browser Launched
[INFO ] 2022-10-06 23:25:57.019 [main] StepDef - URL opened
[INFO ] 2022-10-06 23:25:57.148 [main] StepDef - Email entered
[INFO ] 2022-10-06 23:25:57.275 [main] StepDef - Password Entered
[INFO ] 2022-10-06 23:26:10.679 [main] StepDef - Setup Executed
[INFO ] 2022-10-06 23:26:10.682 [main] StepDef - Chrome browser Launched
[INFO ] 2022-10-06 23:26:12.433 [main] StepDef - URL opened
[INFO ] 2022-10-06 23:26:12.547 [main] StepDef - Email entered
[INFO ] 2022-10-06 23:26:12.649 [main] StepDef - Password Entered
